<?xml version="1.0" encoding="UTF-8"?>
<!-- Generated by org.testng.reporters.JUnitReportReporter -->
<testsuite hostname="LAPTOP-L45CF4AI" name="com.zmarta.testcases.LoanPagetest" tests="3" failures="0" timestamp="20 Sep 2018 09:30:52 GMT" time="1.220" errors="0">
  <testcase name="verifylogin" time="0.509" classname="com.zmarta.testcases.LoanPagetest"/>
  <testcase name="verifylogo" time="0.096" classname="com.zmarta.testcases.LoanPagetest"/>
  <testcase name="verifylogin" time="0.615" classname="com.zmarta.testcases.LoanPagetest"/>
</testsuite> <!-- com.zmarta.testcases.LoanPagetest -->
