<?xml version="1.0" encoding="UTF-8"?>
<!-- Generated by org.testng.reporters.JUnitReportReporter -->
<testsuite hostname="LAPTOP-L45CF4AI" name="com.zmarta.testcases.LoanPagetest" tests="2" failures="0" timestamp="11 Sep 2018 10:14:05 GMT" time="23.691" errors="0">
  <testcase name="verifylogin" time="6.828" classname="com.zmarta.testcases.LoanPagetest"/>
  <testcase name="verifylogin" time="16.863" classname="com.zmarta.testcases.LoanPagetest"/>
</testsuite> <!-- com.zmarta.testcases.LoanPagetest -->
