<?xml version="1.0" encoding="UTF-8"?>
<!-- Generated by org.testng.reporters.JUnitReportReporter -->
<testsuite hostname="LAPTOP-L45CF4AI" name="com.zmarta.testcases.LoanPagetest" tests="4" failures="0" timestamp="16 Nov 2018 08:38:09 GMT" time="6.684" errors="0">
  <testcase name="VerifyLogo" time="0.132" classname="com.zmarta.testcases.LoanPagetest"/>
  <testcase name="VerifyCheckbox" time="0.191" classname="com.zmarta.testcases.LoanPagetest"/>
  <testcase name="VerifyLogin" time="3.062" classname="com.zmarta.testcases.LoanPagetest"/>
  <testcase name="VerifyLogin" time="3.299" classname="com.zmarta.testcases.LoanPagetest"/>
</testsuite> <!-- com.zmarta.testcases.LoanPagetest -->
