<?xml version="1.0" encoding="UTF-8"?>
<!-- Generated by org.testng.reporters.JUnitReportReporter -->
<testsuite hostname="LAPTOP-L45CF4AI" name="com.seleniumdata.zmartano.LoanDetails" tests="2" failures="0" timestamp="5 Sep 2018 07:17:05 GMT" time="14.302" errors="0">
  <testcase name="verifylogin" time="6.014" classname="com.seleniumdata.zmartano.LoanDetails"/>
  <testcase name="verifylogin" time="8.288" classname="com.seleniumdata.zmartano.LoanDetails"/>
</testsuite> <!-- com.seleniumdata.zmartano.LoanDetails -->
