<?xml version="1.0" encoding="UTF-8"?>
<!-- Generated by org.testng.reporters.JUnitReportReporter -->
<testsuite hostname="LAPTOP-L45CF4AI" name="com.zmarta.testcases.LoanPagetest" tests="3" failures="0" timestamp="12 Sep 2018 11:47:05 GMT" time="12.486" errors="0">
  <testcase name="verifylogin" time="3.260" classname="com.zmarta.testcases.LoanPagetest"/>
  <testcase name="verifylogo" time="0.077" classname="com.zmarta.testcases.LoanPagetest"/>
  <testcase name="verifylogin" time="9.149" classname="com.zmarta.testcases.LoanPagetest"/>
</testsuite> <!-- com.zmarta.testcases.LoanPagetest -->
