<?xml version="1.0" encoding="UTF-8"?>
<!-- Generated by org.testng.reporters.JUnitReportReporter -->
<testsuite hostname="LAPTOP-L45CF4AI" name="com.agile360.testcases.Registration_test" tests="1" failures="0" timestamp="14 Mar 2019 10:33:58 GMT" time="7.732" errors="0">
  <testcase name="VerifyRegistrationDetails" time="7.732" classname="com.agile360.testcases.Registration_test"/>
</testsuite> <!-- com.agile360.testcases.Registration_test -->
