<?xml version="1.0" encoding="UTF-8"?>
<!-- Generated by org.testng.reporters.JUnitReportReporter -->
<testsuite hostname="LAPTOP-L45CF4AI" name="com.zmarta.testcases.LoanPagetest" tests="3" failures="0" timestamp="25 Sep 2018 05:49:56 GMT" time="10.251" errors="0">
  <testcase name="verifylogo" time="0.122" classname="com.zmarta.testcases.LoanPagetest"/>
  <testcase name="verifylogin" time="6.866" classname="com.zmarta.testcases.LoanPagetest"/>
  <testcase name="verifylogin" time="3.263" classname="com.zmarta.testcases.LoanPagetest"/>
</testsuite> <!-- com.zmarta.testcases.LoanPagetest -->
