<?xml version="1.0" encoding="UTF-8"?>
<!-- Generated by org.testng.reporters.JUnitReportReporter -->
<testsuite hostname="LAPTOP-L45CF4AI" name="com.zmarta.testcases.LoanPagetest" tests="3" failures="0" timestamp="13 Sep 2018 12:27:11 GMT" time="16.330" errors="0">
  <testcase name="verifylogo" time="0.039" classname="com.zmarta.testcases.LoanPagetest"/>
  <testcase name="verifylogin" time="10.716" classname="com.zmarta.testcases.LoanPagetest"/>
  <testcase name="verifylogin" time="5.575" classname="com.zmarta.testcases.LoanPagetest"/>
</testsuite> <!-- com.zmarta.testcases.LoanPagetest -->
