<?xml version="1.0" encoding="UTF-8"?>
<!-- Generated by org.testng.reporters.JUnitReportReporter -->
<testsuite hostname="LAPTOP-L45CF4AI" name="com.zmarta.testcases.LoanPagetest" tests="3" failures="0" timestamp="14 Sep 2018 12:02:29 GMT" time="12.954" errors="0">
  <testcase name="verifylogin" time="6.618" classname="com.zmarta.testcases.LoanPagetest"/>
  <testcase name="verifylogin" time="6.259" classname="com.zmarta.testcases.LoanPagetest"/>
  <testcase name="verifylogo" time="0.077" classname="com.zmarta.testcases.LoanPagetest"/>
</testsuite> <!-- com.zmarta.testcases.LoanPagetest -->
